<?xml version="1.0" encoding="UTF-8"?>
<!-- Generated by org.testng.reporters.JUnitXMLReporter -->
<testsuite ignored="0" hostname="MacBook-Air" failures="0" tests="4" name="Default test" time="34.413" errors="0" timestamp="2023-10-31T19:45:47 IST">
  <testcase classname="com.pathology.test.PathologyLabMaintest" name="tes01login" time="3.646"/>
  <testcase classname="com.pathology.test.PathologyLabMaintest" name="test02Homepage" time="5.618"/>
  <testcase classname="com.pathology.test.PathologyLabMaintest" name="test03Calculator" time="1.512"/>
  <testcase classname="com.pathology.test.PathologyLabMaintest" name="test04Patient" time="20.158"/>
</testsuite> <!-- Default test -->
