<?xml version="1.0" encoding="UTF-8"?>
<testng-results ignored="0" total="4" passed="4" failed="0" skipped="0">
  <reporter-output>
  </reporter-output>
  <suite started-at="2023-10-31T19:45:12 IST" name="Default suite" finished-at="2023-10-31T19:45:47 IST" duration-ms="34413">
    <groups>
    </groups>
    <test started-at="2023-10-31T19:45:12 IST" name="Default test" finished-at="2023-10-31T19:45:47 IST" duration-ms="34413">
      <class name="com.pathology.test.PathologyLabMaintest">
        <test-method is-config="true" signature="init()[pri:0, instance:com.pathology.test.PathologyLabMaintest@25084a1e]" started-at="2023-10-31T19:45:05 IST" name="init" finished-at="2023-10-31T19:45:12 IST" duration-ms="7729" status="PASS">
          <reporter-output>
          </reporter-output>
        </test-method> <!-- init -->
        <test-method is-config="true" signature="BCinint()[pri:0, instance:com.pathology.test.PathologyLabMaintest@25084a1e]" started-at="2023-10-31T19:45:12 IST" name="BCinint" finished-at="2023-10-31T19:45:16 IST" duration-ms="3406" status="PASS">
          <reporter-output>
          </reporter-output>
        </test-method> <!-- BCinint -->
        <test-method signature="tes01login()[pri:0, instance:com.pathology.test.PathologyLabMaintest@25084a1e]" started-at="2023-10-31T19:45:16 IST" name="tes01login" finished-at="2023-10-31T19:45:20 IST" duration-ms="3646" status="PASS">
          <reporter-output>
          </reporter-output>
        </test-method> <!-- tes01login -->
        <test-method signature="test02Homepage()[pri:1, instance:com.pathology.test.PathologyLabMaintest@25084a1e]" started-at="2023-10-31T19:45:20 IST" name="test02Homepage" finished-at="2023-10-31T19:45:25 IST" duration-ms="5618" status="PASS">
          <reporter-output>
          </reporter-output>
        </test-method> <!-- test02Homepage -->
        <test-method signature="test03Calculator()[pri:2, instance:com.pathology.test.PathologyLabMaintest@25084a1e]" started-at="2023-10-31T19:45:25 IST" name="test03Calculator" finished-at="2023-10-31T19:45:27 IST" duration-ms="1512" status="PASS">
          <reporter-output>
          </reporter-output>
        </test-method> <!-- test03Calculator -->
        <test-method signature="test04Patient()[pri:3, instance:com.pathology.test.PathologyLabMaintest@25084a1e]" started-at="2023-10-31T19:45:27 IST" name="test04Patient" finished-at="2023-10-31T19:45:47 IST" duration-ms="20158" status="PASS">
          <reporter-output>
          </reporter-output>
        </test-method> <!-- test04Patient -->
      </class> <!-- com.pathology.test.PathologyLabMaintest -->
    </test> <!-- Default test -->
  </suite> <!-- Default suite -->
</testng-results>
